<?xml version="1.0" encoding="UTF-8"?>
<!-- Generated by org.testng.reporters.JUnitReportReporter -->
<testsuite hostname="Lenovo-PC" failures="0" tests="1" name="newtest.TestGET" time="9.031" errors="0" timestamp="2020-04-17T13:49:18 CEST" skipped="0">
  <testcase classname="newtest.TestGET" name="test" time="9.031"/>
  <system-out/>
</testsuite> <!-- newtest.TestGET -->
